0 info it worked if it ends with ok
1 verbose cli [ '/usr/bin/node', '/usr/bin/npm', 'run', 'test-node' ]
2 info using npm@3.5.2
3 info using node@v8.10.0
4 verbose run-script [ 'pretest-node', 'test-node', 'posttest-node' ]
5 info lifecycle data-dashboard@1.0.0~pretest-node: data-dashboard@1.0.0
6 silly lifecycle data-dashboard@1.0.0~pretest-node: no script for pretest-node, continuing
7 info lifecycle data-dashboard@1.0.0~test-node: data-dashboard@1.0.0
8 verbose lifecycle data-dashboard@1.0.0~test-node: unsafe-perm in lifecycle true
9 verbose lifecycle data-dashboard@1.0.0~test-node: PATH: /usr/share/npm/bin/node-gyp-bin:/home/carolin/Documentos/laboratoria/00-Data Dashboard/scl-2018-05-bc-core-am-datadashboard/node_modules/.bin:/usr/local/sbin:/usr/local/bin:/usr/sbin:/usr/bin:/sbin:/bin:/usr/games:/usr/local/games:/snap/bin
10 verbose lifecycle data-dashboard@1.0.0~test-node: CWD: /home/carolin/Documentos/laboratoria/00-Data Dashboard/scl-2018-05-bc-core-am-datadashboard
11 silly lifecycle data-dashboard@1.0.0~test-node: Args: [ '-c',
11 silly lifecycle   'nyc mocha ./test/headless.js && nyc report --reporter=html' ]
12 silly lifecycle data-dashboard@1.0.0~test-node: Returned: code: 5  signal: null
13 info lifecycle data-dashboard@1.0.0~test-node: Failed to exec test-node script
14 verbose stack Error: data-dashboard@1.0.0 test-node: `nyc mocha ./test/headless.js && nyc report --reporter=html`
14 verbose stack Exit status 5
14 verbose stack     at EventEmitter.<anonymous> (/usr/share/npm/lib/utils/lifecycle.js:232:16)
14 verbose stack     at emitTwo (events.js:126:13)
14 verbose stack     at EventEmitter.emit (events.js:214:7)
14 verbose stack     at ChildProcess.<anonymous> (/usr/share/npm/lib/utils/spawn.js:24:14)
14 verbose stack     at emitTwo (events.js:126:13)
14 verbose stack     at ChildProcess.emit (events.js:214:7)
14 verbose stack     at maybeClose (internal/child_process.js:925:16)
14 verbose stack     at Process.ChildProcess._handle.onexit (internal/child_process.js:209:5)
15 verbose pkgid data-dashboard@1.0.0
16 verbose cwd /home/carolin/Documentos/laboratoria/00-Data Dashboard/scl-2018-05-bc-core-am-datadashboard
17 error Linux 4.15.0-22-generic
18 error argv "/usr/bin/node" "/usr/bin/npm" "run" "test-node"
19 error node v8.10.0
20 error npm  v3.5.2
21 error code ELIFECYCLE
22 error data-dashboard@1.0.0 test-node: `nyc mocha ./test/headless.js && nyc report --reporter=html`
22 error Exit status 5
23 error Failed at the data-dashboard@1.0.0 test-node script 'nyc mocha ./test/headless.js && nyc report --reporter=html'.
23 error Make sure you have the latest version of node.js and npm installed.
23 error If you do, this is most likely a problem with the data-dashboard package,
23 error not with npm itself.
23 error Tell the author that this fails on your system:
23 error     nyc mocha ./test/headless.js && nyc report --reporter=html
23 error You can get information on how to open an issue for this project with:
23 error     npm bugs data-dashboard
23 error Or if that isn't available, you can get their info via:
23 error     npm owner ls data-dashboard
23 error There is likely additional logging output above.
24 verbose exit [ 1, true ]
